2025-12-18 03:23:58,390 [1] DEBUG - Время запуска программы: 18.12.2025 3:23:58
2025-12-18 03:23:59,368 [1] INFO  - Запуск парсинга с использованием Selenium
2025-12-18 03:23:59,371 [1] INFO  - Создание драйвера Chrome
2025-12-18 03:23:59,374 [1] DEBUG - ChromeOptions: headless режим
2025-12-18 03:23:59,375 [1] INFO  - Инициализация ChromeDriver
2025-12-18 03:24:04,521 [1] INFO  - ChromeDriver успешно инициализирован
2025-12-18 03:24:04,522 [1] INFO  - Драйвер Chrome установлен
2025-12-18 03:24:04,522 [1] INFO  - Переход на страницу: https://clientportal.jse.co.za/reports/delta-option-and-structured-option-trades
2025-12-18 03:24:46,991 [1] INFO  - Страница загружена: https://clientportal.jse.co.za/reports/delta-option-and-structured-option-trades
2025-12-18 03:24:46,994 [1] DEBUG - Ожидание загрузки таблицы (таймаут 15 сек)
2025-12-18 03:24:47,034 [1] INFO  - Таблица tableTrades найдена
2025-12-18 03:24:47,057 [1] DEBUG - Найдено элементов th: 10
2025-12-18 03:24:47,057 [1] INFO  - Сбор заголовков таблицы: 10 колонок
2025-12-18 03:24:47,214 [1] INFO  - Заголовки таблицы собраны
2025-12-18 03:24:47,233 [1] DEBUG - Найдено элементов данных td: 0
2025-12-18 03:24:47,233 [1] WARN  - Данные в таблице отсутствуют
2025-12-18 03:24:47,234 [1] INFO  - Нет данных для экспорта в CSV
2025-12-18 03:24:47,234 [1] INFO  - Парсинг завершен. Получено элементов: 10
2025-12-18 03:24:47,234 [1] INFO  - Закрытие драйвера Chrome
2025-12-18 03:24:47,466 [1] INFO  - Драйвер Chrome закрыт
